<?xml version="1.0" encoding="UTF-8"?>
<testsuite name="com.example.AppTest" tests="1" skipped="0" failures="0" errors="0" timestamp="2025-05-18T15:58:46" hostname="LAPTOP-7TBPLFR9" time="0.003">
  <properties/>
  <testcase name="testApp" classname="com.example.AppTest" time="0.003"/>
  <system-out><![CDATA[]]></system-out>
  <system-err><![CDATA[]]></system-err>
</testsuite>
